<?xml version="1.0" encoding="UTF-8"?>
<testsuite xmlns:xsi="http://www.w3.org/2001/XMLSchema-instance" xsi:noNamespaceSchemaLocation="https://maven.apache.org/surefire/maven-surefire-plugin/xsd/surefire-test-report.xsd" name="com.atguigu.gmall.Gmall0620PublisherApplicationTests" time="2.542" tests="1" errors="0" skipped="0" failures="0">
  <properties>
    <property name="sun.desktop" value="windows"/>
    <property name="awt.toolkit" value="sun.awt.windows.WToolkit"/>
    <property name="file.encoding.pkg" value="sun.io"/>
    <property name="java.specification.version" value="1.8"/>
    <property name="sun.cpu.isalist" value="amd64"/>
    <property name="sun.jnu.encoding" value="GBK"/>
    <property name="java.class.path" value="D:\BigData\gmall0620-publisher\target\test-classes;D:\BigData\gmall0620-publisher\target\classes;D:\programs_English_path\Maven\maven-repository\org\springframework\boot\spring-boot-starter-jdbc\2.7.12\spring-boot-starter-jdbc-2.7.12.jar;D:\programs_English_path\Maven\maven-repository\org\springframework\boot\spring-boot-starter\2.7.12\spring-boot-starter-2.7.12.jar;D:\programs_English_path\Maven\maven-repository\org\springframework\boot\spring-boot\2.7.12\spring-boot-2.7.12.jar;D:\programs_English_path\Maven\maven-repository\org\springframework\boot\spring-boot-autoconfigure\2.7.12\spring-boot-autoconfigure-2.7.12.jar;D:\programs_English_path\Maven\maven-repository\org\springframework\boot\spring-boot-starter-logging\2.7.12\spring-boot-starter-logging-2.7.12.jar;D:\programs_English_path\Maven\maven-repository\ch\qos\logback\logback-classic\1.2.12\logback-classic-1.2.12.jar;D:\programs_English_path\Maven\maven-repository\ch\qos\logback\logback-core\1.2.12\logback-core-1.2.12.jar;D:\programs_English_path\Maven\maven-repository\org\apache\logging\log4j\log4j-to-slf4j\2.17.2\log4j-to-slf4j-2.17.2.jar;D:\programs_English_path\Maven\maven-repository\org\apache\logging\log4j\log4j-api\2.17.2\log4j-api-2.17.2.jar;D:\programs_English_path\Maven\maven-repository\org\slf4j\jul-to-slf4j\1.7.36\jul-to-slf4j-1.7.36.jar;D:\programs_English_path\Maven\maven-repository\jakarta\annotation\jakarta.annotation-api\1.3.5\jakarta.annotation-api-1.3.5.jar;D:\programs_English_path\Maven\maven-repository\org\yaml\snakeyaml\1.30\snakeyaml-1.30.jar;D:\programs_English_path\Maven\maven-repository\com\zaxxer\HikariCP\4.0.3\HikariCP-4.0.3.jar;D:\programs_English_path\Maven\maven-repository\org\slf4j\slf4j-api\1.7.36\slf4j-api-1.7.36.jar;D:\programs_English_path\Maven\maven-repository\org\springframework\spring-jdbc\5.3.27\spring-jdbc-5.3.27.jar;D:\programs_English_path\Maven\maven-repository\org\springframework\spring-beans\5.3.27\spring-beans-5.3.27.jar;D:\programs_English_path\Maven\maven-repository\org\springframework\spring-tx\5.3.27\spring-tx-5.3.27.jar;D:\programs_English_path\Maven\maven-repository\org\springframework\boot\spring-boot-starter-web\2.7.12\spring-boot-starter-web-2.7.12.jar;D:\programs_English_path\Maven\maven-repository\org\springframework\boot\spring-boot-starter-json\2.7.12\spring-boot-starter-json-2.7.12.jar;D:\programs_English_path\Maven\maven-repository\com\fasterxml\jackson\core\jackson-databind\2.13.5\jackson-databind-2.13.5.jar;D:\programs_English_path\Maven\maven-repository\com\fasterxml\jackson\core\jackson-annotations\2.13.5\jackson-annotations-2.13.5.jar;D:\programs_English_path\Maven\maven-repository\com\fasterxml\jackson\core\jackson-core\2.13.5\jackson-core-2.13.5.jar;D:\programs_English_path\Maven\maven-repository\com\fasterxml\jackson\datatype\jackson-datatype-jdk8\2.13.5\jackson-datatype-jdk8-2.13.5.jar;D:\programs_English_path\Maven\maven-repository\com\fasterxml\jackson\datatype\jackson-datatype-jsr310\2.13.5\jackson-datatype-jsr310-2.13.5.jar;D:\programs_English_path\Maven\maven-repository\com\fasterxml\jackson\module\jackson-module-parameter-names\2.13.5\jackson-module-parameter-names-2.13.5.jar;D:\programs_English_path\Maven\maven-repository\org\springframework\boot\spring-boot-starter-tomcat\2.7.12\spring-boot-starter-tomcat-2.7.12.jar;D:\programs_English_path\Maven\maven-repository\org\apache\tomcat\embed\tomcat-embed-core\9.0.75\tomcat-embed-core-9.0.75.jar;D:\programs_English_path\Maven\maven-repository\org\apache\tomcat\embed\tomcat-embed-el\9.0.75\tomcat-embed-el-9.0.75.jar;D:\programs_English_path\Maven\maven-repository\org\apache\tomcat\embed\tomcat-embed-websocket\9.0.75\tomcat-embed-websocket-9.0.75.jar;D:\programs_English_path\Maven\maven-repository\org\springframework\spring-web\5.3.27\spring-web-5.3.27.jar;D:\programs_English_path\Maven\maven-repository\org\springframework\spring-webmvc\5.3.27\spring-webmvc-5.3.27.jar;D:\programs_English_path\Maven\maven-repository\org\springframework\spring-aop\5.3.27\spring-aop-5.3.27.jar;D:\programs_English_path\Maven\maven-repository\org\springframework\spring-context\5.3.27\spring-context-5.3.27.jar;D:\programs_English_path\Maven\maven-repository\org\springframework\spring-expression\5.3.27\spring-expression-5.3.27.jar;D:\programs_English_path\Maven\maven-repository\org\mybatis\spring\boot\mybatis-spring-boot-starter\2.1.3\mybatis-spring-boot-starter-2.1.3.jar;D:\programs_English_path\Maven\maven-repository\org\mybatis\spring\boot\mybatis-spring-boot-autoconfigure\2.1.3\mybatis-spring-boot-autoconfigure-2.1.3.jar;D:\programs_English_path\Maven\maven-repository\org\mybatis\mybatis\3.5.5\mybatis-3.5.5.jar;D:\programs_English_path\Maven\maven-repository\org\mybatis\mybatis-spring\2.0.5\mybatis-spring-2.0.5.jar;D:\programs_English_path\Maven\maven-repository\org\projectlombok\lombok\1.18.26\lombok-1.18.26.jar;D:\programs_English_path\Maven\maven-repository\org\springframework\boot\spring-boot-starter-test\2.7.12\spring-boot-starter-test-2.7.12.jar;D:\programs_English_path\Maven\maven-repository\org\springframework\boot\spring-boot-test\2.7.12\spring-boot-test-2.7.12.jar;D:\programs_English_path\Maven\maven-repository\org\springframework\boot\spring-boot-test-autoconfigure\2.7.12\spring-boot-test-autoconfigure-2.7.12.jar;D:\programs_English_path\Maven\maven-repository\com\jayway\jsonpath\json-path\2.7.0\json-path-2.7.0.jar;D:\programs_English_path\Maven\maven-repository\net\minidev\json-smart\2.4.11\json-smart-2.4.11.jar;D:\programs_English_path\Maven\maven-repository\net\minidev\accessors-smart\2.4.11\accessors-smart-2.4.11.jar;D:\programs_English_path\Maven\maven-repository\org\ow2\asm\asm\9.3\asm-9.3.jar;D:\programs_English_path\Maven\maven-repository\jakarta\xml\bind\jakarta.xml.bind-api\2.3.3\jakarta.xml.bind-api-2.3.3.jar;D:\programs_English_path\Maven\maven-repository\jakarta\activation\jakarta.activation-api\1.2.2\jakarta.activation-api-1.2.2.jar;D:\programs_English_path\Maven\maven-repository\org\assertj\assertj-core\3.22.0\assertj-core-3.22.0.jar;D:\programs_English_path\Maven\maven-repository\org\hamcrest\hamcrest\2.2\hamcrest-2.2.jar;D:\programs_English_path\Maven\maven-repository\org\junit\jupiter\junit-jupiter\5.8.2\junit-jupiter-5.8.2.jar;D:\programs_English_path\Maven\maven-repository\org\junit\jupiter\junit-jupiter-api\5.8.2\junit-jupiter-api-5.8.2.jar;D:\programs_English_path\Maven\maven-repository\org\opentest4j\opentest4j\1.2.0\opentest4j-1.2.0.jar;D:\programs_English_path\Maven\maven-repository\org\junit\platform\junit-platform-commons\1.8.2\junit-platform-commons-1.8.2.jar;D:\programs_English_path\Maven\maven-repository\org\apiguardian\apiguardian-api\1.1.2\apiguardian-api-1.1.2.jar;D:\programs_English_path\Maven\maven-repository\org\junit\jupiter\junit-jupiter-params\5.8.2\junit-jupiter-params-5.8.2.jar;D:\programs_English_path\Maven\maven-repository\org\junit\jupiter\junit-jupiter-engine\5.8.2\junit-jupiter-engine-5.8.2.jar;D:\programs_English_path\Maven\maven-repository\org\junit\platform\junit-platform-engine\1.8.2\junit-platform-engine-1.8.2.jar;D:\programs_English_path\Maven\maven-repository\org\mockito\mockito-core\4.5.1\mockito-core-4.5.1.jar;D:\programs_English_path\Maven\maven-repository\net\bytebuddy\byte-buddy\1.12.23\byte-buddy-1.12.23.jar;D:\programs_English_path\Maven\maven-repository\net\bytebuddy\byte-buddy-agent\1.12.23\byte-buddy-agent-1.12.23.jar;D:\programs_English_path\Maven\maven-repository\org\objenesis\objenesis\3.2\objenesis-3.2.jar;D:\programs_English_path\Maven\maven-repository\org\mockito\mockito-junit-jupiter\4.5.1\mockito-junit-jupiter-4.5.1.jar;D:\programs_English_path\Maven\maven-repository\org\skyscreamer\jsonassert\1.5.1\jsonassert-1.5.1.jar;D:\programs_English_path\Maven\maven-repository\com\vaadin\external\google\android-json\0.0.20131108.vaadin1\android-json-0.0.20131108.vaadin1.jar;D:\programs_English_path\Maven\maven-repository\org\springframework\spring-core\5.3.27\spring-core-5.3.27.jar;D:\programs_English_path\Maven\maven-repository\org\springframework\spring-jcl\5.3.27\spring-jcl-5.3.27.jar;D:\programs_English_path\Maven\maven-repository\org\springframework\spring-test\5.3.27\spring-test-5.3.27.jar;D:\programs_English_path\Maven\maven-repository\org\xmlunit\xmlunit-core\2.9.1\xmlunit-core-2.9.1.jar;D:\programs_English_path\Maven\maven-repository\org\apache\commons\commons-lang3\3.11\commons-lang3-3.11.jar;D:\programs_English_path\Maven\maven-repository\mysql\mysql-connector-java\8.0.16\mysql-connector-java-8.0.16.jar;D:\programs_English_path\Maven\maven-repository\com\google\protobuf\protobuf-java\3.6.1\protobuf-java-3.6.1.jar;"/>
    <property name="java.vm.vendor" value="Oracle Corporation"/>
    <property name="sun.arch.data.model" value="64"/>
    <property name="user.variant" value=""/>
    <property name="java.vendor.url" value="http://java.oracle.com/"/>
    <property name="user.timezone" value="Asia/Shanghai"/>
    <property name="java.vm.specification.version" value="1.8"/>
    <property name="os.name" value="Windows 11"/>
    <property name="user.country" value="CN"/>
    <property name="sun.java.launcher" value="SUN_STANDARD"/>
    <property name="sun.boot.library.path" value="E:\Java\Java\jre\bin"/>
    <property name="sun.java.command" value="C:\Users\Lenovo\AppData\Local\Temp\surefire4053295997658501921\surefirebooter1477522386904013480.jar C:\Users\Lenovo\AppData\Local\Temp\surefire4053295997658501921 2025-04-24T14-07-07_850-jvmRun1 surefire5267759027019828499tmp surefire_06703646564992109980tmp"/>
    <property name="surefire.test.class.path" value="D:\BigData\gmall0620-publisher\target\test-classes;D:\BigData\gmall0620-publisher\target\classes;D:\programs_English_path\Maven\maven-repository\org\springframework\boot\spring-boot-starter-jdbc\2.7.12\spring-boot-starter-jdbc-2.7.12.jar;D:\programs_English_path\Maven\maven-repository\org\springframework\boot\spring-boot-starter\2.7.12\spring-boot-starter-2.7.12.jar;D:\programs_English_path\Maven\maven-repository\org\springframework\boot\spring-boot\2.7.12\spring-boot-2.7.12.jar;D:\programs_English_path\Maven\maven-repository\org\springframework\boot\spring-boot-autoconfigure\2.7.12\spring-boot-autoconfigure-2.7.12.jar;D:\programs_English_path\Maven\maven-repository\org\springframework\boot\spring-boot-starter-logging\2.7.12\spring-boot-starter-logging-2.7.12.jar;D:\programs_English_path\Maven\maven-repository\ch\qos\logback\logback-classic\1.2.12\logback-classic-1.2.12.jar;D:\programs_English_path\Maven\maven-repository\ch\qos\logback\logback-core\1.2.12\logback-core-1.2.12.jar;D:\programs_English_path\Maven\maven-repository\org\apache\logging\log4j\log4j-to-slf4j\2.17.2\log4j-to-slf4j-2.17.2.jar;D:\programs_English_path\Maven\maven-repository\org\apache\logging\log4j\log4j-api\2.17.2\log4j-api-2.17.2.jar;D:\programs_English_path\Maven\maven-repository\org\slf4j\jul-to-slf4j\1.7.36\jul-to-slf4j-1.7.36.jar;D:\programs_English_path\Maven\maven-repository\jakarta\annotation\jakarta.annotation-api\1.3.5\jakarta.annotation-api-1.3.5.jar;D:\programs_English_path\Maven\maven-repository\org\yaml\snakeyaml\1.30\snakeyaml-1.30.jar;D:\programs_English_path\Maven\maven-repository\com\zaxxer\HikariCP\4.0.3\HikariCP-4.0.3.jar;D:\programs_English_path\Maven\maven-repository\org\slf4j\slf4j-api\1.7.36\slf4j-api-1.7.36.jar;D:\programs_English_path\Maven\maven-repository\org\springframework\spring-jdbc\5.3.27\spring-jdbc-5.3.27.jar;D:\programs_English_path\Maven\maven-repository\org\springframework\spring-beans\5.3.27\spring-beans-5.3.27.jar;D:\programs_English_path\Maven\maven-repository\org\springframework\spring-tx\5.3.27\spring-tx-5.3.27.jar;D:\programs_English_path\Maven\maven-repository\org\springframework\boot\spring-boot-starter-web\2.7.12\spring-boot-starter-web-2.7.12.jar;D:\programs_English_path\Maven\maven-repository\org\springframework\boot\spring-boot-starter-json\2.7.12\spring-boot-starter-json-2.7.12.jar;D:\programs_English_path\Maven\maven-repository\com\fasterxml\jackson\core\jackson-databind\2.13.5\jackson-databind-2.13.5.jar;D:\programs_English_path\Maven\maven-repository\com\fasterxml\jackson\core\jackson-annotations\2.13.5\jackson-annotations-2.13.5.jar;D:\programs_English_path\Maven\maven-repository\com\fasterxml\jackson\core\jackson-core\2.13.5\jackson-core-2.13.5.jar;D:\programs_English_path\Maven\maven-repository\com\fasterxml\jackson\datatype\jackson-datatype-jdk8\2.13.5\jackson-datatype-jdk8-2.13.5.jar;D:\programs_English_path\Maven\maven-repository\com\fasterxml\jackson\datatype\jackson-datatype-jsr310\2.13.5\jackson-datatype-jsr310-2.13.5.jar;D:\programs_English_path\Maven\maven-repository\com\fasterxml\jackson\module\jackson-module-parameter-names\2.13.5\jackson-module-parameter-names-2.13.5.jar;D:\programs_English_path\Maven\maven-repository\org\springframework\boot\spring-boot-starter-tomcat\2.7.12\spring-boot-starter-tomcat-2.7.12.jar;D:\programs_English_path\Maven\maven-repository\org\apache\tomcat\embed\tomcat-embed-core\9.0.75\tomcat-embed-core-9.0.75.jar;D:\programs_English_path\Maven\maven-repository\org\apache\tomcat\embed\tomcat-embed-el\9.0.75\tomcat-embed-el-9.0.75.jar;D:\programs_English_path\Maven\maven-repository\org\apache\tomcat\embed\tomcat-embed-websocket\9.0.75\tomcat-embed-websocket-9.0.75.jar;D:\programs_English_path\Maven\maven-repository\org\springframework\spring-web\5.3.27\spring-web-5.3.27.jar;D:\programs_English_path\Maven\maven-repository\org\springframework\spring-webmvc\5.3.27\spring-webmvc-5.3.27.jar;D:\programs_English_path\Maven\maven-repository\org\springframework\spring-aop\5.3.27\spring-aop-5.3.27.jar;D:\programs_English_path\Maven\maven-repository\org\springframework\spring-context\5.3.27\spring-context-5.3.27.jar;D:\programs_English_path\Maven\maven-repository\org\springframework\spring-expression\5.3.27\spring-expression-5.3.27.jar;D:\programs_English_path\Maven\maven-repository\org\mybatis\spring\boot\mybatis-spring-boot-starter\2.1.3\mybatis-spring-boot-starter-2.1.3.jar;D:\programs_English_path\Maven\maven-repository\org\mybatis\spring\boot\mybatis-spring-boot-autoconfigure\2.1.3\mybatis-spring-boot-autoconfigure-2.1.3.jar;D:\programs_English_path\Maven\maven-repository\org\mybatis\mybatis\3.5.5\mybatis-3.5.5.jar;D:\programs_English_path\Maven\maven-repository\org\mybatis\mybatis-spring\2.0.5\mybatis-spring-2.0.5.jar;D:\programs_English_path\Maven\maven-repository\org\projectlombok\lombok\1.18.26\lombok-1.18.26.jar;D:\programs_English_path\Maven\maven-repository\org\springframework\boot\spring-boot-starter-test\2.7.12\spring-boot-starter-test-2.7.12.jar;D:\programs_English_path\Maven\maven-repository\org\springframework\boot\spring-boot-test\2.7.12\spring-boot-test-2.7.12.jar;D:\programs_English_path\Maven\maven-repository\org\springframework\boot\spring-boot-test-autoconfigure\2.7.12\spring-boot-test-autoconfigure-2.7.12.jar;D:\programs_English_path\Maven\maven-repository\com\jayway\jsonpath\json-path\2.7.0\json-path-2.7.0.jar;D:\programs_English_path\Maven\maven-repository\net\minidev\json-smart\2.4.11\json-smart-2.4.11.jar;D:\programs_English_path\Maven\maven-repository\net\minidev\accessors-smart\2.4.11\accessors-smart-2.4.11.jar;D:\programs_English_path\Maven\maven-repository\org\ow2\asm\asm\9.3\asm-9.3.jar;D:\programs_English_path\Maven\maven-repository\jakarta\xml\bind\jakarta.xml.bind-api\2.3.3\jakarta.xml.bind-api-2.3.3.jar;D:\programs_English_path\Maven\maven-repository\jakarta\activation\jakarta.activation-api\1.2.2\jakarta.activation-api-1.2.2.jar;D:\programs_English_path\Maven\maven-repository\org\assertj\assertj-core\3.22.0\assertj-core-3.22.0.jar;D:\programs_English_path\Maven\maven-repository\org\hamcrest\hamcrest\2.2\hamcrest-2.2.jar;D:\programs_English_path\Maven\maven-repository\org\junit\jupiter\junit-jupiter\5.8.2\junit-jupiter-5.8.2.jar;D:\programs_English_path\Maven\maven-repository\org\junit\jupiter\junit-jupiter-api\5.8.2\junit-jupiter-api-5.8.2.jar;D:\programs_English_path\Maven\maven-repository\org\opentest4j\opentest4j\1.2.0\opentest4j-1.2.0.jar;D:\programs_English_path\Maven\maven-repository\org\junit\platform\junit-platform-commons\1.8.2\junit-platform-commons-1.8.2.jar;D:\programs_English_path\Maven\maven-repository\org\apiguardian\apiguardian-api\1.1.2\apiguardian-api-1.1.2.jar;D:\programs_English_path\Maven\maven-repository\org\junit\jupiter\junit-jupiter-params\5.8.2\junit-jupiter-params-5.8.2.jar;D:\programs_English_path\Maven\maven-repository\org\junit\jupiter\junit-jupiter-engine\5.8.2\junit-jupiter-engine-5.8.2.jar;D:\programs_English_path\Maven\maven-repository\org\junit\platform\junit-platform-engine\1.8.2\junit-platform-engine-1.8.2.jar;D:\programs_English_path\Maven\maven-repository\org\mockito\mockito-core\4.5.1\mockito-core-4.5.1.jar;D:\programs_English_path\Maven\maven-repository\net\bytebuddy\byte-buddy\1.12.23\byte-buddy-1.12.23.jar;D:\programs_English_path\Maven\maven-repository\net\bytebuddy\byte-buddy-agent\1.12.23\byte-buddy-agent-1.12.23.jar;D:\programs_English_path\Maven\maven-repository\org\objenesis\objenesis\3.2\objenesis-3.2.jar;D:\programs_English_path\Maven\maven-repository\org\mockito\mockito-junit-jupiter\4.5.1\mockito-junit-jupiter-4.5.1.jar;D:\programs_English_path\Maven\maven-repository\org\skyscreamer\jsonassert\1.5.1\jsonassert-1.5.1.jar;D:\programs_English_path\Maven\maven-repository\com\vaadin\external\google\android-json\0.0.20131108.vaadin1\android-json-0.0.20131108.vaadin1.jar;D:\programs_English_path\Maven\maven-repository\org\springframework\spring-core\5.3.27\spring-core-5.3.27.jar;D:\programs_English_path\Maven\maven-repository\org\springframework\spring-jcl\5.3.27\spring-jcl-5.3.27.jar;D:\programs_English_path\Maven\maven-repository\org\springframework\spring-test\5.3.27\spring-test-5.3.27.jar;D:\programs_English_path\Maven\maven-repository\org\xmlunit\xmlunit-core\2.9.1\xmlunit-core-2.9.1.jar;D:\programs_English_path\Maven\maven-repository\org\apache\commons\commons-lang3\3.11\commons-lang3-3.11.jar;D:\programs_English_path\Maven\maven-repository\mysql\mysql-connector-java\8.0.16\mysql-connector-java-8.0.16.jar;D:\programs_English_path\Maven\maven-repository\com\google\protobuf\protobuf-java\3.6.1\protobuf-java-3.6.1.jar;"/>
    <property name="sun.cpu.endian" value="little"/>
    <property name="user.home" value="C:\Users\Lenovo"/>
    <property name="user.language" value="zh"/>
    <property name="java.specification.vendor" value="Oracle Corporation"/>
    <property name="java.home" value="E:\Java\Java\jre"/>
    <property name="basedir" value="D:\BigData\gmall0620-publisher"/>
    <property name="file.separator" value="\"/>
    <property name="line.separator" value="&#10;"/>
    <property name="java.vm.specification.vendor" value="Oracle Corporation"/>
    <property name="java.specification.name" value="Java Platform API Specification"/>
    <property name="java.awt.graphicsenv" value="sun.awt.Win32GraphicsEnvironment"/>
    <property name="surefire.real.class.path" value="C:\Users\Lenovo\AppData\Local\Temp\surefire4053295997658501921\surefirebooter1477522386904013480.jar"/>
    <property name="sun.boot.class.path" value="E:\Java\Java\jre\lib\resources.jar;E:\Java\Java\jre\lib\rt.jar;E:\Java\Java\jre\lib\sunrsasign.jar;E:\Java\Java\jre\lib\jsse.jar;E:\Java\Java\jre\lib\jce.jar;E:\Java\Java\jre\lib\charsets.jar;E:\Java\Java\jre\lib\jfr.jar;E:\Java\Java\jre\classes"/>
    <property name="user.script" value=""/>
    <property name="sun.management.compiler" value="HotSpot 64-Bit Tiered Compilers"/>
    <property name="java.runtime.version" value="1.8.0_321-b07"/>
    <property name="user.name" value="Lenovo"/>
    <property name="path.separator" value=";"/>
    <property name="os.version" value="10.0"/>
    <property name="java.endorsed.dirs" value="E:\Java\Java\jre\lib\endorsed"/>
    <property name="java.runtime.name" value="Java(TM) SE Runtime Environment"/>
    <property name="file.encoding" value="GBK"/>
    <property name="java.vm.name" value="Java HotSpot(TM) 64-Bit Server VM"/>
    <property name="localRepository" value="D:\programs_English_path\Maven\maven-repository"/>
    <property name="java.vendor.url.bug" value="http://bugreport.sun.com/bugreport/"/>
    <property name="java.io.tmpdir" value="C:\Users\Lenovo\AppData\Local\Temp\"/>
    <property name="java.version" value="1.8.0_321"/>
    <property name="user.dir" value="D:\BigData\gmall0620-publisher"/>
    <property name="os.arch" value="amd64"/>
    <property name="java.vm.specification.name" value="Java Virtual Machine Specification"/>
    <property name="java.awt.printerjob" value="sun.awt.windows.WPrinterJob"/>
    <property name="sun.os.patch.level" value=""/>
    <property name="java.library.path" value="E:\Java\Java\jre\bin;C:\windows\Sun\Java\bin;C:\windows\system32;C:\windows;D:\programs_English_path\VMwareTools\VMware\bin\;C:\Program Files\NVIDIA GPU Computing Toolkit\CUDA\v11.7\bin;C:\Program Files\NVIDIA GPU Computing Toolkit\CUDA\v11.7\libnvvp;C:\Program Files\NVIDIA GPU Computing Toolkit\CUDA\v11.8\bin;C:\Program Files\NVIDIA GPU Computing Toolkit\CUDA\v11.8\libnvvp;D:\programs_English_path\cuda\NVIDIA GPU Computing Toolkit\v12.0\bin;D:\programs_English_path\cuda\NVIDIA GPU Computing Toolkit\v12.0\libnvvp;E:\Java\Java\bin;D:\programs_English_path\java21\bin;D:\programs_English_path\java21\jre\bin;E:\Java\Java\bin;D:\programs_English_path\python\Python2.7.18;C:\windows\system32;C:\windows;C:\windows\System32\Wbem;C:\windows\System32\WindowsPowerShell\v1.0\;C:\windows\System32\OpenSSH\;C:\Program Files (x86)\NVIDIA Corporation\PhysX\Common;D:\programs_English_path\MySQL\bin;%ANDROID%;D:\programs_English_path\platform-tools_r34.0.4-windows\platform-tools;D:\programs_English_path\cygwin64\bin;D:\programs_English_path\cygwin64\sbin;D:\programs_English_path\Anaconda3;D:\programs_English_path\Anaconda3\Scripts;D:\programs_English_path\Anaconda3\Library\bin;D:\programs_English_path\Anaconda3\Library\mingw-w64\bin;C:\Program Files\NVIDIA Corporation\NVIDIA NvDLISR;D:\Windows Kits\10\Windows Performance Toolkit\;D:\programs_English_path\Notepad++;D:\programs_English_path\Git\cmd;C:\Program Files\NVIDIA Corporation\Nsight Compute 2022.2.1\;D:\programs_English_path\Maven\apache-maven-3.9.9-bin\apache-maven-3.9.9\bin;D:\programs_English_path\nodejs\;D:\programs_English_path\AWSCLIV2\;D:\programs_English_path\Xshell\;D:\programs_English_path\nvm\nvm;D:\programs_English_path\nvm\nodejs;D:\programs_English_path\MongoDB\mongodb-windows-x86_64-8.0.4;D:\programs_English_path\Neo4j\neo4j-community-2025.01.0\bin;C:\Program Files\RedHat\Podman\;D:\programs_English_path\Kubernetes\Minikube;D:\BigData\zookeeper\3.6.4\bin;D:\BigData\scala\bin;D:\BigData\scala\2.12.20\bin;D:\BigData\hadoop\3.2.1\bin;;C:\windows\System32\Wbem;C:\Program Files\Docker\Docker\resources\bin;D:\programs_English_path\python\Python3.11\Scripts\;D:\programs_English_path\python\Python3.11\;C:\Users\Lenovo\AppData\Local\Programs\Python\Python39\Scripts\;C:\Users\Lenovo\AppData\Local\Programs\Python\Python39\;C:\Users\Lenovo\AppData\Local\Microsoft\WindowsApps;D:\programs_English_path\pycharm\PyCharm Community Edition 2021.2.4\bin;C:\Users\Lenovo\AppData\Local\JetBrains\Toolbox\scripts;D:\programs_English_path\vscode\Microsoft VS Code\bin;C:\Users\Lenovo\AppData\Roaming\npm;C:\Users\Lenovo\AppData\Local\GitHubDesktop\bin;C:\windows\System32\Wbem;D:\programs_English_path\nvm\nvm;D:\programs_English_path\nvm\nodejs;."/>
    <property name="java.vm.info" value="mixed mode"/>
    <property name="java.vendor" value="Oracle Corporation"/>
    <property name="java.vm.version" value="25.321-b07"/>
    <property name="java.ext.dirs" value="E:\Java\Java\jre\lib\ext;C:\windows\Sun\Java\lib\ext"/>
    <property name="sun.io.unicode.encoding" value="UnicodeLittle"/>
    <property name="java.class.version" value="52.0"/>
  </properties>
  <testcase name="contextLoads" classname="com.atguigu.gmall.Gmall0620PublisherApplicationTests" time="0.21"/>
</testsuite>